<?xml version="1.0" encoding="UTF-8"?>
<!-- Generated by org.testng.reporters.JUnitReportReporter -->
<testsuite hostname="AVIRVERM-M-L7GK" failures="0" tests="1" name="testCases.secondTest" time="6.358" errors="0" timestamp="2022-07-01T17:55:59 IST" skipped="0">
  <testcase classname="testCases.secondTest" name="first" time="6.358"/>
  <system-out/>
</testsuite> <!-- testCases.secondTest -->
